c:\users\phelp\onedrive\school\fall17\cs3100\projects\project4\project4i2\project4\project4\debug\project4.pch
c:\users\phelp\onedrive\school\fall17\cs3100\projects\project4\project4i2\project4\project4\debug\vc141.pdb
c:\users\phelp\onedrive\school\fall17\cs3100\projects\project4\project4i2\project4\project4\debug\vc141.idb
c:\users\phelp\onedrive\school\fall17\cs3100\projects\project4\project4i2\project4\project4\debug\stdafx.obj
c:\users\phelp\onedrive\school\fall17\cs3100\projects\project4\project4i2\project4\project4\debug\hashtable.obj
c:\users\phelp\onedrive\school\fall17\cs3100\projects\project4\project4i2\project4\project4\debug\project4.obj
c:\users\phelp\onedrive\school\fall17\cs3100\projects\project4\project4i2\project4\project4\debug\students.obj
c:\users\phelp\onedrive\school\fall17\cs3100\projects\project4\project4i2\project4\debug\project4.ilk
c:\users\phelp\onedrive\school\fall17\cs3100\projects\project4\project4i2\project4\debug\project4.exe
c:\users\phelp\onedrive\school\fall17\cs3100\projects\project4\project4i2\project4\debug\project4.pdb
c:\users\noxma\onedrive\school\fall17\cs3100\projects\project4\project4i2\project4\project4\debug\hashtable.obj
c:\users\noxma\onedrive\school\fall17\cs3100\projects\project4\project4i2\project4\project4\debug\project4.obj
c:\users\noxma\onedrive\school\fall17\cs3100\projects\project4\project4i2\project4\project4\debug\stdafx.obj
c:\users\noxma\onedrive\school\fall17\cs3100\projects\project4\project4i2\project4\project4\debug\students.obj
c:\users\noxma\onedrive\school\fall17\cs3100\projects\project4\project4i2\project4\project4\debug\project4.pch
c:\users\noxma\onedrive\school\fall17\cs3100\projects\project4\project4i2\project4\project4\debug\vc141.idb
c:\users\noxma\onedrive\school\fall17\cs3100\projects\project4\project4i2\project4\project4\debug\vc141.pdb
c:\users\noxma\onedrive\school\fall17\cs3100\projects\project4\project4i2\project4\debug\project4.pdb
c:\users\noxma\onedrive\school\fall17\cs3100\projects\project4\project4i2\project4\debug\project4.exe
c:\users\noxma\onedrive\school\fall17\cs3100\projects\project4\project4i2\project4\debug\project4.ilk
c:\users\noxma\onedrive\school\fall17\cs3100\projects\project4\project4i2\project4\project4\debug\project4.tlog\cl.command.1.tlog
c:\users\noxma\onedrive\school\fall17\cs3100\projects\project4\project4i2\project4\project4\debug\project4.tlog\cl.read.1.tlog
c:\users\noxma\onedrive\school\fall17\cs3100\projects\project4\project4i2\project4\project4\debug\project4.tlog\cl.write.1.tlog
c:\users\noxma\onedrive\school\fall17\cs3100\projects\project4\project4i2\project4\project4\debug\project4.tlog\link.command.1.tlog
c:\users\noxma\onedrive\school\fall17\cs3100\projects\project4\project4i2\project4\project4\debug\project4.tlog\link.read.1.tlog
c:\users\noxma\onedrive\school\fall17\cs3100\projects\project4\project4i2\project4\project4\debug\project4.tlog\link.write.1.tlog
